Determining if the Q_WS_WIN exist failed with the following output:
Change Dir: /home/cbn/geantWorks/patentWorks/detailSim/deneme7_2/cmake-build-debug/CMakeFiles/CMakeTmp

Run Build Command(s):/usr/bin/gmake cmTC_26ef7/fast && /usr/bin/gmake -f CMakeFiles/cmTC_26ef7.dir/build.make CMakeFiles/cmTC_26ef7.dir/build
gmake[1]: Entering directory '/home/cbn/geantWorks/patentWorks/detailSim/deneme7_2/cmake-build-debug/CMakeFiles/CMakeTmp'
Building CXX object CMakeFiles/cmTC_26ef7.dir/CheckSymbolExists.cxx.o
/usr/bin/c++   -I/usr/include/qt4   -o CMakeFiles/cmTC_26ef7.dir/CheckSymbolExists.cxx.o -c /home/cbn/geantWorks/patentWorks/detailSim/deneme7_2/cmake-build-debug/CMakeFiles/CMakeTmp/CheckSymbolExists.cxx
/home/cbn/geantWorks/patentWorks/detailSim/deneme7_2/cmake-build-debug/CMakeFiles/CMakeTmp/CheckSymbolExists.cxx: In function ‘int main(int, char**)’:
/home/cbn/geantWorks/patentWorks/detailSim/deneme7_2/cmake-build-debug/CMakeFiles/CMakeTmp/CheckSymbolExists.cxx:8:19: error: ‘Q_WS_WIN’ was not declared in this scope
   return ((int*)(&Q_WS_WIN))[argc];
                   ^~~~~~~~
/home/cbn/geantWorks/patentWorks/detailSim/deneme7_2/cmake-build-debug/CMakeFiles/CMakeTmp/CheckSymbolExists.cxx:8:19: note: suggested alternative: ‘Q_WS_X11’
   return ((int*)(&Q_WS_WIN))[argc];
                   ^~~~~~~~
                   Q_WS_X11
CMakeFiles/cmTC_26ef7.dir/build.make:65: recipe for target 'CMakeFiles/cmTC_26ef7.dir/CheckSymbolExists.cxx.o' failed
gmake[1]: *** [CMakeFiles/cmTC_26ef7.dir/CheckSymbolExists.cxx.o] Error 1
gmake[1]: Leaving directory '/home/cbn/geantWorks/patentWorks/detailSim/deneme7_2/cmake-build-debug/CMakeFiles/CMakeTmp'
Makefile:121: recipe for target 'cmTC_26ef7/fast' failed
gmake: *** [cmTC_26ef7/fast] Error 2


File /home/cbn/geantWorks/patentWorks/detailSim/deneme7_2/cmake-build-debug/CMakeFiles/CMakeTmp/CheckSymbolExists.cxx:
/* */
#include <QtCore/qglobal.h>

int main(int argc, char** argv)
{
  (void)argv;
#ifndef Q_WS_WIN
  return ((int*)(&Q_WS_WIN))[argc];
#else
  (void)argc;
  return 0;
#endif
}
Determining if the Q_WS_QWS exist failed with the following output:
Change Dir: /home/cbn/geantWorks/patentWorks/detailSim/deneme7_2/cmake-build-debug/CMakeFiles/CMakeTmp

Run Build Command(s):/usr/bin/gmake cmTC_345b5/fast && /usr/bin/gmake -f CMakeFiles/cmTC_345b5.dir/build.make CMakeFiles/cmTC_345b5.dir/build
gmake[1]: Entering directory '/home/cbn/geantWorks/patentWorks/detailSim/deneme7_2/cmake-build-debug/CMakeFiles/CMakeTmp'
Building CXX object CMakeFiles/cmTC_345b5.dir/CheckSymbolExists.cxx.o
/usr/bin/c++   -I/usr/include/qt4   -o CMakeFiles/cmTC_345b5.dir/CheckSymbolExists.cxx.o -c /home/cbn/geantWorks/patentWorks/detailSim/deneme7_2/cmake-build-debug/CMakeFiles/CMakeTmp/CheckSymbolExists.cxx
/home/cbn/geantWorks/patentWorks/detailSim/deneme7_2/cmake-build-debug/CMakeFiles/CMakeTmp/CheckSymbolExists.cxx: In function ‘int main(int, char**)’:
/home/cbn/geantWorks/patentWorks/detailSim/deneme7_2/cmake-build-debug/CMakeFiles/CMakeTmp/CheckSymbolExists.cxx:8:19: error: ‘Q_WS_QWS’ was not declared in this scope
   return ((int*)(&Q_WS_QWS))[argc];
                   ^~~~~~~~
/home/cbn/geantWorks/patentWorks/detailSim/deneme7_2/cmake-build-debug/CMakeFiles/CMakeTmp/CheckSymbolExists.cxx:8:19: note: suggested alternative: ‘Q_WS_X11’
   return ((int*)(&Q_WS_QWS))[argc];
                   ^~~~~~~~
                   Q_WS_X11
CMakeFiles/cmTC_345b5.dir/build.make:65: recipe for target 'CMakeFiles/cmTC_345b5.dir/CheckSymbolExists.cxx.o' failed
gmake[1]: *** [CMakeFiles/cmTC_345b5.dir/CheckSymbolExists.cxx.o] Error 1
gmake[1]: Leaving directory '/home/cbn/geantWorks/patentWorks/detailSim/deneme7_2/cmake-build-debug/CMakeFiles/CMakeTmp'
Makefile:121: recipe for target 'cmTC_345b5/fast' failed
gmake: *** [cmTC_345b5/fast] Error 2


File /home/cbn/geantWorks/patentWorks/detailSim/deneme7_2/cmake-build-debug/CMakeFiles/CMakeTmp/CheckSymbolExists.cxx:
/* */
#include <QtCore/qglobal.h>

int main(int argc, char** argv)
{
  (void)argv;
#ifndef Q_WS_QWS
  return ((int*)(&Q_WS_QWS))[argc];
#else
  (void)argc;
  return 0;
#endif
}
Determining if the Q_WS_MAC exist failed with the following output:
Change Dir: /home/cbn/geantWorks/patentWorks/detailSim/deneme7_2/cmake-build-debug/CMakeFiles/CMakeTmp

Run Build Command(s):/usr/bin/gmake cmTC_cd509/fast && /usr/bin/gmake -f CMakeFiles/cmTC_cd509.dir/build.make CMakeFiles/cmTC_cd509.dir/build
gmake[1]: Entering directory '/home/cbn/geantWorks/patentWorks/detailSim/deneme7_2/cmake-build-debug/CMakeFiles/CMakeTmp'
Building CXX object CMakeFiles/cmTC_cd509.dir/CheckSymbolExists.cxx.o
/usr/bin/c++   -I/usr/include/qt4   -o CMakeFiles/cmTC_cd509.dir/CheckSymbolExists.cxx.o -c /home/cbn/geantWorks/patentWorks/detailSim/deneme7_2/cmake-build-debug/CMakeFiles/CMakeTmp/CheckSymbolExists.cxx
/home/cbn/geantWorks/patentWorks/detailSim/deneme7_2/cmake-build-debug/CMakeFiles/CMakeTmp/CheckSymbolExists.cxx: In function ‘int main(int, char**)’:
/home/cbn/geantWorks/patentWorks/detailSim/deneme7_2/cmake-build-debug/CMakeFiles/CMakeTmp/CheckSymbolExists.cxx:8:19: error: ‘Q_WS_MAC’ was not declared in this scope
   return ((int*)(&Q_WS_MAC))[argc];
                   ^~~~~~~~
/home/cbn/geantWorks/patentWorks/detailSim/deneme7_2/cmake-build-debug/CMakeFiles/CMakeTmp/CheckSymbolExists.cxx:8:19: note: suggested alternative: ‘Q_WS_X11’
   return ((int*)(&Q_WS_MAC))[argc];
                   ^~~~~~~~
                   Q_WS_X11
CMakeFiles/cmTC_cd509.dir/build.make:65: recipe for target 'CMakeFiles/cmTC_cd509.dir/CheckSymbolExists.cxx.o' failed
gmake[1]: *** [CMakeFiles/cmTC_cd509.dir/CheckSymbolExists.cxx.o] Error 1
gmake[1]: Leaving directory '/home/cbn/geantWorks/patentWorks/detailSim/deneme7_2/cmake-build-debug/CMakeFiles/CMakeTmp'
Makefile:121: recipe for target 'cmTC_cd509/fast' failed
gmake: *** [cmTC_cd509/fast] Error 2


File /home/cbn/geantWorks/patentWorks/detailSim/deneme7_2/cmake-build-debug/CMakeFiles/CMakeTmp/CheckSymbolExists.cxx:
/* */
#include <QtCore/qglobal.h>

int main(int argc, char** argv)
{
  (void)argv;
#ifndef Q_WS_MAC
  return ((int*)(&Q_WS_MAC))[argc];
#else
  (void)argc;
  return 0;
#endif
}
